#
# There is insufficient memory for the Java Runtime Environment to continue.
# Native memory allocation (malloc) failed to allocate 1362256 bytes for Chunk::new
# Possible reasons:
#   The system is out of physical RAM or swap space
#   The process is running with CompressedOops enabled, and the Java Heap may be blocking the growth of the native heap
# Possible solutions:
#   Reduce memory load on the system
#   Increase physical memory or swap space
#   Check if swap backing store is full
#   Decrease Java heap size (-Xmx/-Xms)
#   Decrease number of Java threads
#   Decrease Java thread stack sizes (-Xss)
#   Set larger code cache with -XX:ReservedCodeCacheSize=
#   JVM is running with Unscaled Compressed Oops mode in which the Java heap is
#     placed in the first 4GB address space. The Java Heap base address is the
#     maximum limit for the native heap growth. Please use -XX:HeapBaseMinAddress
#     to set the Java Heap base and to place the Java Heap above 4GB virtual address.
# This output file may be truncated or incomplete.
#
#  Out of Memory Error (t:/workspace/open/src/hotspot/share/memory/arena.cpp:198), pid=2268, tid=20132
#
# JRE version: Java(TM) SE Runtime Environment (10.0.1+10) (build 10.0.1+10)
# Java VM: Java HotSpot(TM) 64-Bit Server VM (10.0.1+10, mixed mode, tiered, compressed oops, g1 gc, windows-amd64)
# No core dump will be written. Minidumps are not enabled by default on client versions of Windows
#

---------------  S U M M A R Y ------------

Command Line: --add-opens=java.base/java.util=ALL-UNNAMED --add-opens=java.base/java.lang=ALL-UNNAMED --add-opens=java.base/java.lang.invoke=ALL-UNNAMED --add-opens=java.prefs/java.util.prefs=ALL-UNNAMED -XX:MaxMetaspaceSize=256m -XX:+HeapDumpOnOutOfMemoryError -Xms256m -Xmx512m -Dfile.encoding=windows-1252 -Duser.country=US -Duser.language=en -Duser.variant org.gradle.launcher.daemon.bootstrap.GradleDaemon 6.2

Host: Intel(R) Core(TM) i5-8250U CPU @ 1.60GHz, 8 cores, 7G,  Windows 10 , 64 bit Build 18362 (10.0.18362.900)
Time: Thu Jul 16 22:59:07 2020 Sri Lanka Standard Time elapsed time: 22 seconds (0d 0h 0m 22s)

---------------  T H R E A D  ---------------

Current thread (0x0000028166488800):  JavaThread "C2 CompilerThread2" daemon [_thread_in_native, id=20132, stack(0x000000a7cba00000,0x000000a7cbb00000)]


Current CompileTask:
C2:  22428 5194 %     4       groovy.lang.MetaClassImpl::inheritInterfaceNewMetaMethods @ 104 (199 bytes)

Stack: [0x000000a7cba00000,0x000000a7cbb00000]
Native frames: (J=compiled Java code, j=interpreted, Vv=VM code, C=native code)
V  [jvm.dll+0x5a0369]
V  [jvm.dll+0x6bcf81]
V  [jvm.dll+0x6be176]
V  [jvm.dll+0x6be803]
V  [jvm.dll+0x234998]
V  [jvm.dll+0xbb92c]
V  [jvm.dll+0xbbe2c]
V  [jvm.dll+0x34bcf8]
V  [jvm.dll+0x18ee9c]
V  [jvm.dll+0x1ffeed]
V  [jvm.dll+0x1ff066]
V  [jvm.dll+0x17ca6b]
V  [jvm.dll+0x20c81d]
V  [jvm.dll+0x20b5e6]
V  [jvm.dll+0x68bb6f]
V  [jvm.dll+0x59f680]
C  [msvcr120.dll+0x24f7f]
C  [msvcr120.dll+0x25126]
C  [KERNEL32.DLL+0x17bd4]
C  [ntdll.dll+0x6ce51]


---------------  P R O C E S S  ---------------

Threads class SMR info:
_java_thread_list=0x000002816b384880, length=39, elements={
0x00000281477f3800, 0x0000028165c21000, 0x0000028165c22000, 0x000002816647f800,
0x0000028166480000, 0x0000028166485000, 0x0000028166488000, 0x0000028166488800,
0x0000028166489800, 0x000002816649c000, 0x00000281666a7000, 0x00000281666d1800,
0x0000028167df1800, 0x000002816743f000, 0x0000028168615000, 0x00000281676e8000,
0x00000281676e9000, 0x0000028166fb9000, 0x0000028166fb9800, 0x00000281685ff800,
0x00000281685fd000, 0x00000281685ee000, 0x00000281685ec800, 0x00000281685eb800,
0x00000281685eb000, 0x00000281685e9800, 0x00000281685f0800, 0x00000281685ef000,
0x00000281685ed000, 0x00000281685ea000, 0x0000028169267800, 0x0000028169269800,
0x0000028169265800, 0x0000028169263000, 0x0000028169268800, 0x000002816926b000,
0x0000028169264800, 0x000002816926a000, 0x0000028169264000
}

Java Threads: ( => current thread )
  0x00000281477f3800 JavaThread "main" [_thread_blocked, id=5080, stack(0x000000a7c9e00000,0x000000a7c9f00000)]
  0x0000028165c21000 JavaThread "Reference Handler" daemon [_thread_blocked, id=6396, stack(0x000000a7cb400000,0x000000a7cb500000)]
  0x0000028165c22000 JavaThread "Finalizer" daemon [_thread_blocked, id=21620, stack(0x000000a7cb500000,0x000000a7cb600000)]
  0x000002816647f800 JavaThread "Signal Dispatcher" daemon [_thread_blocked, id=6336, stack(0x000000a7cb600000,0x000000a7cb700000)]
  0x0000028166480000 JavaThread "Attach Listener" daemon [_thread_blocked, id=840, stack(0x000000a7cb700000,0x000000a7cb800000)]
  0x0000028166485000 JavaThread "C2 CompilerThread0" daemon [_thread_blocked, id=2812, stack(0x000000a7cb800000,0x000000a7cb900000)]
  0x0000028166488000 JavaThread "C2 CompilerThread1" daemon [_thread_blocked, id=11388, stack(0x000000a7cb900000,0x000000a7cba00000)]
=>0x0000028166488800 JavaThread "C2 CompilerThread2" daemon [_thread_in_native, id=20132, stack(0x000000a7cba00000,0x000000a7cbb00000)]
  0x0000028166489800 JavaThread "C1 CompilerThread3" daemon [_thread_blocked, id=17536, stack(0x000000a7cbb00000,0x000000a7cbc00000)]
  0x000002816649c000 JavaThread "Sweeper thread" daemon [_thread_blocked, id=6152, stack(0x000000a7cbc00000,0x000000a7cbd00000)]
  0x00000281666a7000 JavaThread "Common-Cleaner" daemon [_thread_blocked, id=7172, stack(0x000000a7cbd00000,0x000000a7cbe00000)]
  0x00000281666d1800 JavaThread "Service Thread" daemon [_thread_blocked, id=21640, stack(0x000000a7cbe00000,0x000000a7cbf00000)]
  0x0000028167df1800 JavaThread "Daemon health stats" [_thread_blocked, id=5016, stack(0x000000a7cc000000,0x000000a7cc100000)]
  0x000002816743f000 JavaThread "Incoming local TCP Connector on port 57506" [_thread_in_native, id=15348, stack(0x000000a7cc100000,0x000000a7cc200000)]
  0x0000028168615000 JavaThread "Daemon periodic checks" [_thread_blocked, id=5984, stack(0x000000a7cc200000,0x000000a7cc300000)]
  0x00000281676e8000 JavaThread "Daemon" [_thread_blocked, id=10432, stack(0x000000a7cc300000,0x000000a7cc400000)]
  0x00000281676e9000 JavaThread "Handler for socket connection from /127.0.0.1:57506 to /127.0.0.1:57507" [_thread_in_native, id=17428, stack(0x000000a7cc400000,0x000000a7cc500000)]
  0x0000028166fb9000 JavaThread "Cancel handler" [_thread_blocked, id=15696, stack(0x000000a7cc500000,0x000000a7cc600000)]
  0x0000028166fb9800 JavaThread "Daemon worker" [_thread_in_vm, id=21520, stack(0x000000a7cc600000,0x000000a7cc700000)]
  0x00000281685ff800 JavaThread "Asynchronous log dispatcher for DefaultDaemonConnection: socket connection from /127.0.0.1:57506 to /127.0.0.1:57507" [_thread_blocked, id=720, stack(0x000000a7cc700000,0x000000a7cc800000)]
  0x00000281685fd000 JavaThread "Stdin handler" [_thread_blocked, id=22280, stack(0x000000a7cc800000,0x000000a7cc900000)]
  0x00000281685ee000 JavaThread "Thread-8" [_thread_blocked, id=10608, stack(0x000000a7cc900000,0x000000a7cca00000)]
  0x00000281685ec800 JavaThread "Cache worker for journal cache (C:\Users\Asus\.gradle\caches\journal-1)" [_thread_blocked, id=9204, stack(0x000000a7cca00000,0x000000a7ccb00000)]
  0x00000281685eb800 JavaThread "File lock request listener" [_thread_in_native, id=22104, stack(0x000000a7ccb00000,0x000000a7ccc00000)]
  0x00000281685eb000 JavaThread "Cache worker for file hash cache (C:\Users\Asus\.gradle\caches\6.2\fileHashes)" [_thread_blocked, id=19520, stack(0x000000a7ccc00000,0x000000a7ccd00000)]
  0x00000281685e9800 JavaThread "Cache worker for checksums cache (C:\Users\Asus\Documents\mobile\Chat\android\.gradle\checksums)" [_thread_blocked, id=3616, stack(0x000000a7ccd00000,0x000000a7cce00000)]
  0x00000281685f0800 JavaThread "Cache worker for file hash cache (C:\Users\Asus\Documents\mobile\Chat\android\.gradle\6.2\fileHashes)" [_thread_blocked, id=12460, stack(0x000000a7cce00000,0x000000a7ccf00000)]
  0x00000281685ef000 JavaThread "Cache worker for cache directory md-supplier (C:\Users\Asus\.gradle\caches\6.2\md-supplier)" [_thread_blocked, id=1456, stack(0x000000a7ccf00000,0x000000a7cd000000)]
  0x00000281685ed000 JavaThread "Cache worker for cache directory md-rule (C:\Users\Asus\.gradle\caches\6.2\md-rule)" [_thread_blocked, id=6836, stack(0x000000a7cd000000,0x000000a7cd100000)]
  0x00000281685ea000 JavaThread "Cache worker for execution history cache (C:\Users\Asus\.gradle\caches\6.2\executionHistory)" [_thread_blocked, id=9828, stack(0x000000a7cd100000,0x000000a7cd200000)]
  0x0000028169267800 JavaThread "Build operations" [_thread_blocked, id=10040, stack(0x000000a7cd200000,0x000000a7cd300000)]
  0x0000028169269800 JavaThread "Build operations Thread 2" [_thread_blocked, id=10748, stack(0x000000a7cd300000,0x000000a7cd400000)]
  0x0000028169265800 JavaThread "Build operations Thread 3" [_thread_blocked, id=14472, stack(0x000000a7cd400000,0x000000a7cd500000)]
  0x0000028169263000 JavaThread "Build operations Thread 4" [_thread_blocked, id=20784, stack(0x000000a7cd500000,0x000000a7cd600000)]
  0x0000028169268800 JavaThread "Build operations Thread 5" [_thread_blocked, id=7648, stack(0x000000a7cd600000,0x000000a7cd700000)]
  0x000002816926b000 JavaThread "Build operations Thread 6" [_thread_blocked, id=3212, stack(0x000000a7cd700000,0x000000a7cd800000)]
  0x0000028169264800 JavaThread "Build operations Thread 7" [_thread_blocked, id=12696, stack(0x000000a7cd800000,0x000000a7cd900000)]
  0x000002816926a000 JavaThread "Build operations Thread 8" [_thread_blocked, id=16016, stack(0x000000a7cd900000,0x000000a7cda00000)]
  0x0000028169264000 JavaThread "Cache worker for Build Output Cleanup Cache (C:\Users\Asus\Documents\mobile\Chat\android\.gradle\buildOutputCleanup)" [_thread_blocked, id=656, stack(0x000000a7cda00000,0x000000a7cdb00000)]

Other Threads:
  0x0000028165c1d000 VMThread "VM Thread" [stack: 0x000000a7cb300000,0x000000a7cb400000] [id=14076]
  0x00000281666d6800 WatcherThread [stack: 0x000000a7cbf00000,0x000000a7cc000000] [id=268]
  0x000002814780e000 GCTaskThread "GC Thread#0" [stack: 0x000000a7c9f00000,0x000000a7ca000000] [id=13656]
  0x000002814780f800 GCTaskThread "GC Thread#1" [stack: 0x000000a7ca000000,0x000000a7ca100000] [id=3884]
  0x0000028147813000 GCTaskThread "GC Thread#2" [stack: 0x000000a7ca100000,0x000000a7ca200000] [id=11632]
  0x000002814781a800 GCTaskThread "GC Thread#3" [stack: 0x000000a7ca200000,0x000000a7ca300000] [id=21108]
  0x0000028147816800 GCTaskThread "GC Thread#4" [stack: 0x000000a7ca300000,0x000000a7ca400000] [id=21672]
  0x0000028147814800 GCTaskThread "GC Thread#5" [stack: 0x000000a7ca400000,0x000000a7ca500000] [id=22472]
  0x0000028147815000 GCTaskThread "GC Thread#6" [stack: 0x000000a7ca500000,0x000000a7ca600000] [id=5964]
  0x0000028147816000 GCTaskThread "GC Thread#7" [stack: 0x000000a7ca600000,0x000000a7ca700000] [id=17580]
  0x0000028147849000 ConcurrentGCThread "G1 Main Marker" [stack: 0x000000a7ca700000,0x000000a7ca800000] [id=9720]
  0x000002814781c000 ConcurrentGCThread "G1 Conc#0" [stack: 0x000000a7ca800000,0x000000a7ca900000] [id=22176]
  0x0000028147819000 ConcurrentGCThread "G1 Conc#1" [stack: 0x000000a7ca900000,0x000000a7caa00000] [id=11092]
  0x0000028165a8e800 ConcurrentGCThread "G1 Refine#0" [stack: 0x000000a7caa00000,0x000000a7cab00000] [id=8372]
  0x0000028165a8f000 ConcurrentGCThread "G1 Refine#1" [stack: 0x000000a7cab00000,0x000000a7cac00000] [id=13892]
  0x0000028165a90000 ConcurrentGCThread "G1 Refine#2" [stack: 0x000000a7cac00000,0x000000a7cad00000] [id=8568]
  0x0000028165a91000 ConcurrentGCThread "G1 Refine#3" [stack: 0x000000a7cad00000,0x000000a7cae00000] [id=9748]
  0x0000028165a97000 ConcurrentGCThread "G1 Refine#4" [stack: 0x000000a7cae00000,0x000000a7caf00000] [id=9308]
  0x0000028165aa8000 ConcurrentGCThread "G1 Refine#5" [stack: 0x000000a7caf00000,0x000000a7cb000000] [id=11724]
  0x0000028165ab4000 ConcurrentGCThread "G1 Refine#6" [stack: 0x000000a7cb000000,0x000000a7cb100000] [id=12044]
  0x0000028147817000 ConcurrentGCThread "G1 Refine#7" [stack: 0x000000a7cb100000,0x000000a7cb200000] [id=18372]
  0x0000028165ab4800 ConcurrentGCThread "G1 Young RemSet Sampling" [stack: 0x000000a7cb200000,0x000000a7cb300000] [id=9168]

Threads with active compile tasks:
C2 CompilerThread25194 %     4       groovy.lang.MetaClassImpl::inheritInterfaceNewMetaMethods @ 104 (199 bytes)

VM state:not at safepoint (normal execution)

VM Mutex/Monitor currently owned by a thread: None

Heap address: 0x00000000e0000000, size: 512 MB, Compressed Oops mode: 32-bit
Narrow klass base: 0x0000000000000000, Narrow klass shift: 3
Compressed class space size: 260046848 Address: 0x0000000100000000

Heap:
 garbage-first heap   total 262144K, used 139332K [0x00000000e0000000, 0x0000000100000000)
  region size 1024K, 113 young (115712K), 14 survivors (14336K)
 Metaspace       used 56490K, capacity 57863K, committed 58236K, reserved 305152K
  class space    used 6927K, capacity 7513K, committed 7548K, reserved 253952K
Heap Regions: E=young(eden), S=young(survivor), O=old, HS=humongous(starts), HC=humongous(continues), CS=collection set, F=free, A=archive, TS=gc time stamp, AC=allocation context, TAMS=top-at-mark-start (previous, next)
|   0|0x00000000e0000000, 0x00000000e0100000, 0x00000000e0100000|100%| O|  |TS  0|AC  0|TAMS 0x00000000e0100000, 0x00000000e0100000|
|   1|0x00000000e0100000, 0x00000000e0200000, 0x00000000e0200000|100%| O|  |TS  0|AC  0|TAMS 0x00000000e0200000, 0x00000000e0200000|
|   2|0x00000000e0200000, 0x00000000e0300000, 0x00000000e0300000|100%| O|  |TS  0|AC  0|TAMS 0x00000000e0300000, 0x00000000e0300000|
|   3|0x00000000e0300000, 0x00000000e0400000, 0x00000000e0400000|100%|HS|  |TS  0|AC  0|TAMS 0x00000000e0400000, 0x00000000e0400000|
|   4|0x00000000e0400000, 0x00000000e0500000, 0x00000000e0500000|100%|HC|  |TS  0|AC  0|TAMS 0x00000000e0500000, 0x00000000e0500000|
|   5|0x00000000e0500000, 0x00000000e0600000, 0x00000000e0600000|100%|HC|  |TS  0|AC  0|TAMS 0x00000000e0600000, 0x00000000e0600000|
|   6|0x00000000e0600000, 0x00000000e0700000, 0x00000000e0700000|100%| O|  |TS  0|AC  0|TAMS 0x00000000e0700000, 0x00000000e0700000|
|   7|0x00000000e0700000, 0x00000000e0800000, 0x00000000e0800000|100%| O|  |TS  0|AC  0|TAMS 0x00000000e0800000, 0x00000000e0800000|
|   8|0x00000000e0800000, 0x00000000e0900000, 0x00000000e0900000|100%| O|  |TS  0|AC  0|TAMS 0x00000000e0900000, 0x00000000e0900000|
|   9|0x00000000e0900000, 0x00000000e0a00000, 0x00000000e0a00000|100%| O|  |TS  0|AC  0|TAMS 0x00000000e0a00000, 0x00000000e0a00000|
|  10|0x00000000e0a00000, 0x00000000e0b00000, 0x00000000e0b00000|100%| O|  |TS  0|AC  0|TAMS 0x00000000e0b00000, 0x00000000e0b00000|
|  11|0x00000000e0b00000, 0x00000000e0c00000, 0x00000000e0c00000|100%| O|  |TS  0|AC  0|TAMS 0x00000000e0c00000, 0x00000000e0c00000|
|  12|0x00000000e0c00000, 0x00000000e0d00000, 0x00000000e0d00000|100%| O|  |TS  0|AC  0|TAMS 0x00000000e0d00000, 0x00000000e0d00000|
|  13|0x00000000e0d00000, 0x00000000e0e00000, 0x00000000e0e00000|100%| O|  |TS  0|AC  0|TAMS 0x00000000e0e00000, 0x00000000e0e00000|
|  14|0x00000000e0e00000, 0x00000000e0f00000, 0x00000000e0f00000|100%| O|  |TS  0|AC  0|TAMS 0x00000000e0f00000, 0x00000000e0f00000|
|  15|0x00000000e0f00000, 0x00000000e1000000, 0x00000000e1000000|100%| O|  |TS  0|AC  0|TAMS 0x00000000e1000000, 0x00000000e1000000|
|  16|0x00000000e1000000, 0x00000000e1100000, 0x00000000e1100000|100%|HS|  |TS  0|AC  0|TAMS 0x00000000e1000000, 0x00000000e1000000|
|  17|0x00000000e1100000, 0x00000000e1200000, 0x00000000e1200000|100%|HS|  |TS  0|AC  0|TAMS 0x00000000e1200000, 0x00000000e1200000|
|  18|0x00000000e1200000, 0x00000000e1300000, 0x00000000e1300000|100%|HC|  |TS  0|AC  0|TAMS 0x00000000e1300000, 0x00000000e1300000|
|  19|0x00000000e1300000, 0x00000000e1400000, 0x00000000e1400000|100%| O|  |TS  0|AC  0|TAMS 0x00000000e1400000, 0x00000000e1400000|
|  20|0x00000000e1400000, 0x00000000e1500000, 0x00000000e1500000|100%| O|  |TS  0|AC  0|TAMS 0x00000000e1500000, 0x00000000e1500000|
|  21|0x00000000e1500000, 0x00000000e1511200, 0x00000000e1600000|  6%| O|  |TS  0|AC  0|TAMS 0x00000000e1511200, 0x00000000e1511200|
|  22|0x00000000e1600000, 0x00000000e1700000, 0x00000000e1700000|100%|HS|  |TS  0|AC  0|TAMS 0x00000000e1600000, 0x00000000e1600000|
|  23|0x00000000e1700000, 0x00000000e1800000, 0x00000000e1800000|100%|HS|  |TS  0|AC  0|TAMS 0x00000000e1700000, 0x00000000e1700000|
|  24|0x00000000e1800000, 0x00000000e1900000, 0x00000000e1900000|100%|HS|  |TS  0|AC  0|TAMS 0x00000000e1800000, 0x00000000e1800000|
|  25|0x00000000e1900000, 0x00000000e1900000, 0x00000000e1a00000|  0%| F|  |TS  0|AC  0|TAMS 0x00000000e1900000, 0x00000000e1900000|
|  26|0x00000000e1a00000, 0x00000000e1a00000, 0x00000000e1b00000|  0%| F|  |TS  0|AC  0|TAMS 0x00000000e1a00000, 0x00000000e1a00000|
|  27|0x00000000e1b00000, 0x00000000e1b00000, 0x00000000e1c00000|  0%| F|  |TS  0|AC  0|TAMS 0x00000000e1b00000, 0x00000000e1b00000|
|  28|0x00000000e1c00000, 0x00000000e1c00000, 0x00000000e1d00000|  0%| F|  |TS  0|AC  0|TAMS 0x00000000e1c00000, 0x00000000e1c00000|
|  29|0x00000000e1d00000, 0x00000000e1d00000, 0x00000000e1e00000|  0%| F|  |TS  0|AC  0|TAMS 0x00000000e1d00000, 0x00000000e1d00000|
|  30|0x00000000e1e00000, 0x00000000e1e00000, 0x00000000e1f00000|  0%| F|  |TS  0|AC  0|TAMS 0x00000000e1e00000, 0x00000000e1e00000|
|  31|0x00000000e1f00000, 0x00000000e1f00000, 0x00000000e2000000|  0%| F|  |TS  0|AC  0|TAMS 0x00000000e1f00000, 0x00000000e1f00000|
|  32|0x00000000e2000000, 0x00000000e2000000, 0x00000000e2100000|  0%| F|  |TS  0|AC  0|TAMS 0x00000000e2000000, 0x00000000e2000000|
|  33|0x00000000e2100000, 0x00000000e2100000, 0x00000000e2200000|  0%| F|  |TS  0|AC  0|TAMS 0x00000000e2100000, 0x00000000e2100000|
|  34|0x00000000e2200000, 0x00000000e2200000, 0x00000000e2300000|  0%| F|  |TS  0|AC  0|TAMS 0x00000000e2200000, 0x00000000e2200000|
|  35|0x00000000e2300000, 0x00000000e2300000, 0x00000000e2400000|  0%| F|  |TS  0|AC  0|TAMS 0x00000000e2300000, 0x00000000e2300000|
|  36|0x00000000e2400000, 0x00000000e2400000, 0x00000000e2500000|  0%| F|  |TS  0|AC  0|TAMS 0x00000000e2400000, 0x00000000e2400000|
|  37|0x00000000e2500000, 0x00000000e2500000, 0x00000000e2600000|  0%| F|  |TS  0|AC  0|TAMS 0x00000000e2500000, 0x00000000e2500000|
|  38|0x00000000e2600000, 0x00000000e2600000, 0x00000000e2700000|  0%| F|  |TS  0|AC  0|TAMS 0x00000000e2600000, 0x00000000e2600000|
|  39|0x00000000e2700000, 0x00000000e2700000, 0x00000000e2800000|  0%| F|  |TS  0|AC  0|TAMS 0x00000000e2700000, 0x00000000e2700000|
|  40|0x00000000e2800000, 0x00000000e2800000, 0x00000000e2900000|  0%| F|  |TS  0|AC  0|TAMS 0x00000000e2800000, 0x00000000e2800000|
|  41|0x00000000e2900000, 0x00000000e2900000, 0x00000000e2a00000|  0%| F|  |TS  0|AC  0|TAMS 0x00000000e2900000, 0x00000000e2900000|
|  42|0x00000000e2a00000, 0x00000000e2a00000, 0x00000000e2b00000|  0%| F|  |TS  0|AC  0|TAMS 0x00000000e2a00000, 0x00000000e2a00000|
|  43|0x00000000e2b00000, 0x00000000e2b00000, 0x00000000e2c00000|  0%| F|  |TS  0|AC  0|TAMS 0x00000000e2b00000, 0x00000000e2b00000|
|  44|0x00000000e2c00000, 0x00000000e2c00000, 0x00000000e2d00000|  0%| F|  |TS  0|AC  0|TAMS 0x00000000e2c00000, 0x00000000e2c00000|
|  45|0x00000000e2d00000, 0x00000000e2d00000, 0x00000000e2e00000|  0%| F|  |TS  0|AC  0|TAMS 0x00000000e2d00000, 0x00000000e2d00000|
|  46|0x00000000e2e00000, 0x00000000e2e00000, 0x00000000e2f00000|  0%| F|  |TS  0|AC  0|TAMS 0x00000000e2e00000, 0x00000000e2e00000|
|  47|0x00000000e2f00000, 0x00000000e2f00000, 0x00000000e3000000|  0%| F|  |TS  0|AC  0|TAMS 0x00000000e2f00000, 0x00000000e2f00000|
|  48|0x00000000e3000000, 0x00000000e3000000, 0x00000000e3100000|  0%| F|  |TS  0|AC  0|TAMS 0x00000000e3000000, 0x00000000e3000000|
|  49|0x00000000e3100000, 0x00000000e3100000, 0x00000000e3200000|  0%| F|  |TS  0|AC  0|TAMS 0x00000000e3100000, 0x00000000e3100000|
|  50|0x00000000e3200000, 0x00000000e3200000, 0x00000000e3300000|  0%| F|  |TS  0|AC  0|TAMS 0x00000000e3200000, 0x00000000e3200000|
|  51|0x00000000e3300000, 0x00000000e3300000, 0x00000000e3400000|  0%| F|  |TS  0|AC  0|TAMS 0x00000000e3300000, 0x00000000e3300000|
|  52|0x00000000e3400000, 0x00000000e3400000, 0x00000000e3500000|  0%| F|  |TS  0|AC  0|TAMS 0x00000000e3400000, 0x00000000e3400000|
|  53|0x00000000e3500000, 0x00000000e3500000, 0x00000000e3600000|  0%| F|  |TS  0|AC  0|TAMS 0x00000000e3500000, 0x00000000e3500000|
|  54|0x00000000e3600000, 0x00000000e3600000, 0x00000000e3700000|  0%| F|  |TS  0|AC  0|TAMS 0x00000000e3600000, 0x00000000e3600000|
|  55|0x00000000e3700000, 0x00000000e3700000, 0x00000000e3800000|  0%| F|  |TS  0|AC  0|TAMS 0x00000000e3700000, 0x00000000e3700000|
|  56|0x00000000e3800000, 0x00000000e3800000, 0x00000000e3900000|  0%| F|  |TS  0|AC  0|TAMS 0x00000000e3800000, 0x00000000e3800000|
|  57|0x00000000e3900000, 0x00000000e3900000, 0x00000000e3a00000|  0%| F|  |TS  0|AC  0|TAMS 0x00000000e3900000, 0x00000000e3900000|
|  58|0x00000000e3a00000, 0x00000000e3a00000, 0x00000000e3b00000|  0%| F|  |TS  0|AC  0|TAMS 0x00000000e3a00000, 0x00000000e3a00000|
|  59|0x00000000e3b00000, 0x00000000e3b00000, 0x00000000e3c00000|  0%| F|  |TS  0|AC  0|TAMS 0x00000000e3b00000, 0x00000000e3b00000|
|  60|0x00000000e3c00000, 0x00000000e3c00000, 0x00000000e3d00000|  0%| F|  |TS  0|AC  0|TAMS 0x00000000e3c00000, 0x00000000e3c00000|
|  61|0x00000000e3d00000, 0x00000000e3d00000, 0x00000000e3e00000|  0%| F|  |TS  0|AC  0|TAMS 0x00000000e3d00000, 0x00000000e3d00000|
|  62|0x00000000e3e00000, 0x00000000e3e00000, 0x00000000e3f00000|  0%| F|  |TS  0|AC  0|TAMS 0x00000000e3e00000, 0x00000000e3e00000|
|  63|0x00000000e3f00000, 0x00000000e3f00000, 0x00000000e4000000|  0%| F|  |TS  0|AC  0|TAMS 0x00000000e3f00000, 0x00000000e3f00000|
|  64|0x00000000e4000000, 0x00000000e4000000, 0x00000000e4100000|  0%| F|  |TS  0|AC  0|TAMS 0x00000000e4000000, 0x00000000e4000000|
|  65|0x00000000e4100000, 0x00000000e4100000, 0x00000000e4200000|  0%| F|  |TS  0|AC  0|TAMS 0x00000000e4100000, 0x00000000e4100000|
|  66|0x00000000e4200000, 0x00000000e4200000, 0x00000000e4300000|  0%| F|  |TS  0|AC  0|TAMS 0x00000000e4200000, 0x00000000e4200000|
|  67|0x00000000e4300000, 0x00000000e4300000, 0x00000000e4400000|  0%| F|  |TS  0|AC  0|TAMS 0x00000000e4300000, 0x00000000e4300000|
|  68|0x00000000e4400000, 0x00000000e4400000, 0x00000000e4500000|  0%| F|  |TS  0|AC  0|TAMS 0x00000000e4400000, 0x00000000e4400000|
|  69|0x00000000e4500000, 0x00000000e4500000, 0x00000000e4600000|  0%| F|  |TS  0|AC  0|TAMS 0x00000000e4500000, 0x00000000e4500000|
|  70|0x00000000e4600000, 0x00000000e4600000, 0x00000000e4700000|  0%| F|  |TS  0|AC  0|TAMS 0x00000000e4600000, 0x00000000e4600000|
|  71|0x00000000e4700000, 0x00000000e4700000, 0x00000000e4800000|  0%| F|  |TS  0|AC  0|TAMS 0x00000000e4700000, 0x00000000e4700000|
|  72|0x00000000e4800000, 0x00000000e4800000, 0x00000000e4900000|  0%| F|  |TS  0|AC  0|TAMS 0x00000000e4800000, 0x00000000e4800000|
|  73|0x00000000e4900000, 0x00000000e4900000, 0x00000000e4a00000|  0%| F|  |TS  0|AC  0|TAMS 0x00000000e4900000, 0x00000000e4900000|
|  74|0x00000000e4a00000, 0x00000000e4a00000, 0x00000000e4b00000|  0%| F|  |TS  0|AC  0|TAMS 0x00000000e4a00000, 0x00000000e4a00000|
|  75|0x00000000e4b00000, 0x00000000e4b00000, 0x00000000e4c00000|  0%| F|  |TS  0|AC  0|TAMS 0x00000000e4b00000, 0x00000000e4b00000|
|  76|0x00000000e4c00000, 0x00000000e4c00000, 0x00000000e4d00000|  0%| F|  |TS  0|AC  0|TAMS 0x00000000e4c00000, 0x00000000e4c00000|
|  77|0x00000000e4d00000, 0x00000000e4d00000, 0x00000000e4e00000|  0%| F|  |TS  0|AC  0|TAMS 0x00000000e4d00000, 0x00000000e4d00000|
|  78|0x00000000e4e00000, 0x00000000e4e00000, 0x00000000e4f00000|  0%| F|  |TS  0|AC  0|TAMS 0x00000000e4e00000, 0x00000000e4e00000|
|  79|0x00000000e4f00000, 0x00000000e4f00000, 0x00000000e5000000|  0%| F|  |TS  0|AC  0|TAMS 0x00000000e4f00000, 0x00000000e4f00000|
|  80|0x00000000e5000000, 0x00000000e5000000, 0x00000000e5100000|  0%| F|  |TS  0|AC  0|TAMS 0x00000000e5000000, 0x00000000e5000000|
|  81|0x00000000e5100000, 0x00000000e5100000, 0x00000000e5200000|  0%| F|  |TS  0|AC  0|TAMS 0x00000000e5100000, 0x00000000e5100000|
|  82|0x00000000e5200000, 0x00000000e5200000, 0x00000000e5300000|  0%| F|  |TS  0|AC  0|TAMS 0x00000000e5200000, 0x00000000e5200000|
|  83|0x00000000e5300000, 0x00000000e5300000, 0x00000000e5400000|  0%| F|  |TS  0|AC  0|TAMS 0x00000000e5300000, 0x00000000e5300000|
|  84|0x00000000e5400000, 0x00000000e5400000, 0x00000000e5500000|  0%| F|  |TS  0|AC  0|TAMS 0x00000000e5400000, 0x00000000e5400000|
|  85|0x00000000e5500000, 0x00000000e5500000, 0x00000000e5600000|  0%| F|  |TS  0|AC  0|TAMS 0x00000000e5500000, 0x00000000e5500000|
|  86|0x00000000e5600000, 0x00000000e5600000, 0x00000000e5700000|  0%| F|  |TS  0|AC  0|TAMS 0x00000000e5600000, 0x00000000e5600000|
|  87|0x00000000e5700000, 0x00000000e5700000, 0x00000000e5800000|  0%| F|  |TS  0|AC  0|TAMS 0x00000000e5700000, 0x00000000e5700000|
|  88|0x00000000e5800000, 0x00000000e5800000, 0x00000000e5900000|  0%| F|  |TS  0|AC  0|TAMS 0x00000000e5800000, 0x00000000e5800000|
|  89|0x00000000e5900000, 0x00000000e5900000, 0x00000000e5a00000|  0%| F|  |TS  0|AC  0|TAMS 0x00000000e5900000, 0x00000000e5900000|
|  90|0x00000000e5a00000, 0x00000000e5a00000, 0x00000000e5b00000|  0%| F|  |TS  0|AC  0|TAMS 0x00000000e5a00000, 0x00000000e5a00000|
|  91|0x00000000e5b00000, 0x00000000e5b00000, 0x00000000e5c00000|  0%| F|  |TS  0|AC  0|TAMS 0x00000000e5b00000, 0x00000000e5b00000|
|  92|0x00000000e5c00000, 0x00000000e5c00000, 0x00000000e5d00000|  0%| F|  |TS  0|AC  0|TAMS 0x00000000e5c00000, 0x00000000e5c00000|
|  93|0x00000000e5d00000, 0x00000000e5d00000, 0x00000000e5e00000|  0%| F|  |TS  0|AC  0|TAMS 0x00000000e5d00000, 0x00000000e5d00000|
|  94|0x00000000e5e00000, 0x00000000e5e00000, 0x00000000e5f00000|  0%| F|  |TS  0|AC  0|TAMS 0x00000000e5e00000, 0x00000000e5e00000|
|  95|0x00000000e5f00000, 0x00000000e5f00000, 0x00000000e6000000|  0%| F|  |TS  0|AC  0|TAMS 0x00000000e5f00000, 0x00000000e5f00000|
|  96|0x00000000e6000000, 0x00000000e6000000, 0x00000000e6100000|  0%| F|  |TS  0|AC  0|TAMS 0x00000000e6000000, 0x00000000e6000000|
|  97|0x00000000e6100000, 0x00000000e6100000, 0x00000000e6200000|  0%| F|  |TS  0|AC  0|TAMS 0x00000000e6100000, 0x00000000e6100000|
|  98|0x00000000e6200000, 0x00000000e6200000, 0x00000000e6300000|  0%| F|  |TS  0|AC  0|TAMS 0x00000000e6200000, 0x00000000e6200000|
|  99|0x00000000e6300000, 0x00000000e6300000, 0x00000000e6400000|  0%| F|  |TS  0|AC  0|TAMS 0x00000000e6300000, 0x00000000e6300000|
| 100|0x00000000e6400000, 0x00000000e6400000, 0x00000000e6500000|  0%| F|  |TS  0|AC  0|TAMS 0x00000000e6400000, 0x00000000e6400000|
| 101|0x00000000e6500000, 0x00000000e6500000, 0x00000000e6600000|  0%| F|  |TS  0|AC  0|TAMS 0x00000000e6500000, 0x00000000e6500000|
| 102|0x00000000e6600000, 0x00000000e6600000, 0x00000000e6700000|  0%| F|  |TS  0|AC  0|TAMS 0x00000000e6600000, 0x00000000e6600000|
| 103|0x00000000e6700000, 0x00000000e6700000, 0x00000000e6800000|  0%| F|  |TS  0|AC  0|TAMS 0x00000000e6700000, 0x00000000e6700000|
| 104|0x00000000e6800000, 0x00000000e6800000, 0x00000000e6900000|  0%| F|  |TS  0|AC  0|TAMS 0x00000000e6800000, 0x00000000e6800000|
| 105|0x00000000e6900000, 0x00000000e6900000, 0x00000000e6a00000|  0%| F|  |TS  0|AC  0|TAMS 0x00000000e6900000, 0x00000000e6900000|
| 106|0x00000000e6a00000, 0x00000000e6a00000, 0x00000000e6b00000|  0%| F|  |TS  0|AC  0|TAMS 0x00000000e6a00000, 0x00000000e6a00000|
| 107|0x00000000e6b00000, 0x00000000e6b00000, 0x00000000e6c00000|  0%| F|  |TS  0|AC  0|TAMS 0x00000000e6b00000, 0x00000000e6b00000|
| 108|0x00000000e6c00000, 0x00000000e6c00000, 0x00000000e6d00000|  0%| F|  |TS  0|AC  0|TAMS 0x00000000e6c00000, 0x00000000e6c00000|
| 109|0x00000000e6d00000, 0x00000000e6d00000, 0x00000000e6e00000|  0%| F|  |TS  0|AC  0|TAMS 0x00000000e6d00000, 0x00000000e6d00000|
| 110|0x00000000e6e00000, 0x00000000e6e00000, 0x00000000e6f00000|  0%| F|  |TS  0|AC  0|TAMS 0x00000000e6e00000, 0x00000000e6e00000|
| 111|0x00000000e6f00000, 0x00000000e6f00000, 0x00000000e7000000|  0%| F|  |TS  0|AC  0|TAMS 0x00000000e6f00000, 0x00000000e6f00000|
| 112|0x00000000e7000000, 0x00000000e7000000, 0x00000000e7100000|  0%| F|  |TS  0|AC  0|TAMS 0x00000000e7000000, 0x00000000e7000000|
| 113|0x00000000e7100000, 0x00000000e7100000, 0x00000000e7200000|  0%| F|  |TS  0|AC  0|TAMS 0x00000000e7100000, 0x00000000e7100000|
| 114|0x00000000e7200000, 0x00000000e7200000, 0x00000000e7300000|  0%| F|  |TS  0|AC  0|TAMS 0x00000000e7200000, 0x00000000e7200000|
| 115|0x00000000e7300000, 0x00000000e7300000, 0x00000000e7400000|  0%| F|  |TS  0|AC  0|TAMS 0x00000000e7300000, 0x00000000e7300000|
| 116|0x00000000e7400000, 0x00000000e7400000, 0x00000000e7500000|  0%| F|  |TS  0|AC  0|TAMS 0x00000000e7400000, 0x00000000e7400000|
| 117|0x00000000e7500000, 0x00000000e7500000, 0x00000000e7600000|  0%| F|  |TS  0|AC  0|TAMS 0x00000000e7500000, 0x00000000e7500000|
| 118|0x00000000e7600000, 0x00000000e7600000, 0x00000000e7700000|  0%| F|  |TS  0|AC  0|TAMS 0x00000000e7600000, 0x00000000e7600000|
| 119|0x00000000e7700000, 0x00000000e7700000, 0x00000000e7800000|  0%| F|  |TS  0|AC  0|TAMS 0x00000000e7700000, 0x00000000e7700000|
| 120|0x00000000e7800000, 0x00000000e7800000, 0x00000000e7900000|  0%| F|  |TS  0|AC  0|TAMS 0x00000000e7800000, 0x00000000e7800000|
| 121|0x00000000e7900000, 0x00000000e7900000, 0x00000000e7a00000|  0%| F|  |TS  0|AC  0|TAMS 0x00000000e7900000, 0x00000000e7900000|
| 122|0x00000000e7a00000, 0x00000000e7a00000, 0x00000000e7b00000|  0%| F|  |TS  0|AC  0|TAMS 0x00000000e7a00000, 0x00000000e7a00000|
| 123|0x00000000e7b00000, 0x00000000e7b00000, 0x00000000e7c00000|  0%| F|  |TS  0|AC  0|TAMS 0x00000000e7b00000, 0x00000000e7b00000|
| 124|0x00000000e7c00000, 0x00000000e7c00000, 0x00000000e7d00000|  0%| F|  |TS  0|AC  0|TAMS 0x00000000e7c00000, 0x00000000e7c00000|
| 125|0x00000000e7d00000, 0x00000000e7d00000, 0x00000000e7e00000|  0%| F|  |TS  0|AC  0|TAMS 0x00000000e7d00000, 0x00000000e7d00000|
| 126|0x00000000e7e00000, 0x00000000e7e00000, 0x00000000e7f00000|  0%| F|  |TS  0|AC  0|TAMS 0x00000000e7e00000, 0x00000000e7e00000|
| 127|0x00000000e7f00000, 0x00000000e7f00000, 0x00000000e8000000|  0%| F|  |TS  0|AC  0|TAMS 0x00000000e7f00000, 0x00000000e7f00000|
| 128|0x00000000e8000000, 0x00000000e8000000, 0x00000000e8100000|  0%| F|  |TS  0|AC  0|TAMS 0x00000000e8000000, 0x00000000e8000000|
| 129|0x00000000e8100000, 0x00000000e8100000, 0x00000000e8200000|  0%| F|  |TS  0|AC  0|TAMS 0x00000000e8100000, 0x00000000e8100000|
| 130|0x00000000e8200000, 0x00000000e8200000, 0x00000000e8300000|  0%| F|  |TS  0|AC  0|TAMS 0x00000000e8200000, 0x00000000e8200000|
| 131|0x00000000e8300000, 0x00000000e8300000, 0x00000000e8400000|  0%| F|  |TS  0|AC  0|TAMS 0x00000000e8300000, 0x00000000e8300000|
| 132|0x00000000e8400000, 0x00000000e8400000, 0x00000000e8500000|  0%| F|  |TS  0|AC  0|TAMS 0x00000000e8400000, 0x00000000e8400000|
| 133|0x00000000e8500000, 0x00000000e8500000, 0x00000000e8600000|  0%| F|  |TS  0|AC  0|TAMS 0x00000000e8500000, 0x00000000e8500000|
| 134|0x00000000e8600000, 0x00000000e8600000, 0x00000000e8700000|  0%| F|  |TS  0|AC  0|TAMS 0x00000000e8600000, 0x00000000e8600000|
| 135|0x00000000e8700000, 0x00000000e8700000, 0x00000000e8800000|  0%| F|  |TS  0|AC  0|TAMS 0x00000000e8700000, 0x00000000e8700000|
| 136|0x00000000e8800000, 0x00000000e8800000, 0x00000000e8900000|  0%| F|  |TS  0|AC  0|TAMS 0x00000000e8800000, 0x00000000e8800000|
| 137|0x00000000e8900000, 0x00000000e8900000, 0x00000000e8a00000|  0%| F|  |TS  0|AC  0|TAMS 0x00000000e8900000, 0x00000000e8900000|
| 138|0x00000000e8a00000, 0x00000000e8a00000, 0x00000000e8b00000|  0%| F|  |TS  0|AC  0|TAMS 0x00000000e8a00000, 0x00000000e8a00000|
| 139|0x00000000e8b00000, 0x00000000e8b00000, 0x00000000e8c00000|  0%| F|  |TS  0|AC  0|TAMS 0x00000000e8b00000, 0x00000000e8b00000|
| 140|0x00000000e8c00000, 0x00000000e8c00000, 0x00000000e8d00000|  0%| F|  |TS  0|AC  0|TAMS 0x00000000e8c00000, 0x00000000e8c00000|
| 141|0x00000000e8d00000, 0x00000000e8d00000, 0x00000000e8e00000|  0%| F|  |TS  0|AC  0|TAMS 0x00000000e8d00000, 0x00000000e8d00000|
| 142|0x00000000e8e00000, 0x00000000e8e00000, 0x00000000e8f00000|  0%| F|  |TS  0|AC  0|TAMS 0x00000000e8e00000, 0x00000000e8e00000|
| 143|0x00000000e8f00000, 0x00000000e8f80800, 0x00000000e9000000| 50%| E|  |TS  0|AC  0|TAMS 0x00000000e8f00000, 0x00000000e8f00000|
| 144|0x00000000e9000000, 0x00000000e9100000, 0x00000000e9100000|100%| S|CS|TS  0|AC  0|TAMS 0x00000000e9000000, 0x00000000e9000000|
| 145|0x00000000e9100000, 0x00000000e9200000, 0x00000000e9200000|100%| S|CS|TS  0|AC  0|TAMS 0x00000000e9100000, 0x00000000e9100000|
| 146|0x00000000e9200000, 0x00000000e9300000, 0x00000000e9300000|100%| S|CS|TS  0|AC  0|TAMS 0x00000000e9200000, 0x00000000e9200000|
| 147|0x00000000e9300000, 0x00000000e9400000, 0x00000000e9400000|100%| S|CS|TS  0|AC  0|TAMS 0x00000000e9300000, 0x00000000e9300000|
| 148|0x00000000e9400000, 0x00000000e9500000, 0x00000000e9500000|100%| S|CS|TS  0|AC  0|TAMS 0x00000000e9400000, 0x00000000e9400000|
| 149|0x00000000e9500000, 0x00000000e9600000, 0x00000000e9600000|100%| S|CS|TS  0|AC  0|TAMS 0x00000000e9500000, 0x00000000e9500000|
| 150|0x00000000e9600000, 0x00000000e9700000, 0x00000000e9700000|100%| S|CS|TS  0|AC  0|TAMS 0x00000000e9600000, 0x00000000e9600000|
| 151|0x00000000e9700000, 0x00000000e9800000, 0x00000000e9800000|100%| S|CS|TS  0|AC  0|TAMS 0x00000000e9700000, 0x00000000e9700000|
| 152|0x00000000e9800000, 0x00000000e9900000, 0x00000000e9900000|100%| S|CS|TS  0|AC  0|TAMS 0x00000000e9800000, 0x00000000e9800000|
| 153|0x00000000e9900000, 0x00000000e9a00000, 0x00000000e9a00000|100%| S|CS|TS  0|AC  0|TAMS 0x00000000e9900000, 0x00000000e9900000|
| 154|0x00000000e9a00000, 0x00000000e9b00000, 0x00000000e9b00000|100%| S|CS|TS  0|AC  0|TAMS 0x00000000e9a00000, 0x00000000e9a00000|
| 155|0x00000000e9b00000, 0x00000000e9c00000, 0x00000000e9c00000|100%| S|CS|TS  0|AC  0|TAMS 0x00000000e9b00000, 0x00000000e9b00000|
| 156|0x00000000e9c00000, 0x00000000e9d00000, 0x00000000e9d00000|100%| S|CS|TS  0|AC  0|TAMS 0x00000000e9c00000, 0x00000000e9c00000|
| 157|0x00000000e9d00000, 0x00000000e9e00000, 0x00000000e9e00000|100%| S|CS|TS  0|AC  0|TAMS 0x00000000e9d00000, 0x00000000e9d00000|
| 158|0x00000000e9e00000, 0x00000000e9f00000, 0x00000000e9f00000|100%| E|CS|TS  0|AC  0|TAMS 0x00000000e9e00000, 0x00000000e9e00000|
| 159|0x00000000e9f00000, 0x00000000ea000000, 0x00000000ea000000|100%| E|CS|TS  0|AC  0|TAMS 0x00000000e9f00000, 0x00000000e9f00000|
| 160|0x00000000ea000000, 0x00000000ea100000, 0x00000000ea100000|100%| E|CS|TS  0|AC  0|TAMS 0x00000000ea000000, 0x00000000ea000000|
| 161|0x00000000ea100000, 0x00000000ea200000, 0x00000000ea200000|100%| E|CS|TS  0|AC  0|TAMS 0x00000000ea100000, 0x00000000ea100000|
| 162|0x00000000ea200000, 0x00000000ea300000, 0x00000000ea300000|100%| E|CS|TS  0|AC  0|TAMS 0x00000000ea200000, 0x00000000ea200000|
| 163|0x00000000ea300000, 0x00000000ea400000, 0x00000000ea400000|100%| E|CS|TS  0|AC  0|TAMS 0x00000000ea300000, 0x00000000ea300000|
| 164|0x00000000ea400000, 0x00000000ea500000, 0x00000000ea500000|100%| E|CS|TS  0|AC  0|TAMS 0x00000000ea400000, 0x00000000ea400000|
| 165|0x00000000ea500000, 0x00000000ea600000, 0x00000000ea600000|100%| E|CS|TS  0|AC  0|TAMS 0x00000000ea500000, 0x00000000ea500000|
| 166|0x00000000ea600000, 0x00000000ea700000, 0x00000000ea700000|100%| E|CS|TS  0|AC  0|TAMS 0x00000000ea600000, 0x00000000ea600000|
| 167|0x00000000ea700000, 0x00000000ea800000, 0x00000000ea800000|100%| E|CS|TS  0|AC  0|TAMS 0x00000000ea700000, 0x00000000ea700000|
| 168|0x00000000ea800000, 0x00000000ea900000, 0x00000000ea900000|100%| E|CS|TS  0|AC  0|TAMS 0x00000000ea800000, 0x00000000ea800000|
| 169|0x00000000ea900000, 0x00000000eaa00000, 0x00000000eaa00000|100%| E|CS|TS  0|AC  0|TAMS 0x00000000ea900000, 0x00000000ea900000|
| 170|0x00000000eaa00000, 0x00000000eab00000, 0x00000000eab00000|100%| E|CS|TS  0|AC  0|TAMS 0x00000000eaa00000, 0x00000000eaa00000|
| 171|0x00000000eab00000, 0x00000000eac00000, 0x00000000eac00000|100%| E|CS|TS  0|AC  0|TAMS 0x00000000eab00000, 0x00000000eab00000|
| 172|0x00000000eac00000, 0x00000000ead00000, 0x00000000ead00000|100%| E|CS|TS  0|AC  0|TAMS 0x00000000eac00000, 0x00000000eac00000|
| 173|0x00000000ead00000, 0x00000000eae00000, 0x00000000eae00000|100%| E|CS|TS  0|AC  0|TAMS 0x00000000ead00000, 0x00000000ead00000|
| 174|0x00000000eae00000, 0x00000000eaf00000, 0x00000000eaf00000|100%| E|CS|TS  0|AC  0|TAMS 0x00000000eae00000, 0x00000000eae00000|
| 175|0x00000000eaf00000, 0x00000000eb000000, 0x00000000eb000000|100%| E|CS|TS  0|AC  0|TAMS 0x00000000eaf00000, 0x00000000eaf00000|
| 176|0x00000000eb000000, 0x00000000eb100000, 0x00000000eb100000|100%| E|CS|TS  0|AC  0|TAMS 0x00000000eb000000, 0x00000000eb000000|
| 177|0x00000000eb100000, 0x00000000eb200000, 0x00000000eb200000|100%| E|CS|TS  0|AC  0|TAMS 0x00000000eb100000, 0x00000000eb100000|
| 178|0x00000000eb200000, 0x00000000eb300000, 0x00000000eb300000|100%| E|CS|TS  0|AC  0|TAMS 0x00000000eb200000, 0x00000000eb200000|
| 179|0x00000000eb300000, 0x00000000eb400000, 0x00000000eb400000|100%| E|CS|TS  0|AC  0|TAMS 0x00000000eb300000, 0x00000000eb300000|
| 180|0x00000000eb400000, 0x00000000eb500000, 0x00000000eb500000|100%| E|CS|TS  0|AC  0|TAMS 0x00000000eb400000, 0x00000000eb400000|
| 181|0x00000000eb500000, 0x00000000eb600000, 0x00000000eb600000|100%| E|CS|TS  0|AC  0|TAMS 0x00000000eb500000, 0x00000000eb500000|
| 182|0x00000000eb600000, 0x00000000eb700000, 0x00000000eb700000|100%| E|CS|TS  0|AC  0|TAMS 0x00000000eb600000, 0x00000000eb600000|
| 183|0x00000000eb700000, 0x00000000eb800000, 0x00000000eb800000|100%| E|CS|TS  0|AC  0|TAMS 0x00000000eb700000, 0x00000000eb700000|
| 184|0x00000000eb800000, 0x00000000eb900000, 0x00000000eb900000|100%| E|CS|TS  0|AC  0|TAMS 0x00000000eb800000, 0x00000000eb800000|
| 185|0x00000000eb900000, 0x00000000eba00000, 0x00000000eba00000|100%| E|CS|TS  0|AC  0|TAMS 0x00000000eb900000, 0x00000000eb900000|
| 186|0x00000000eba00000, 0x00000000ebb00000, 0x00000000ebb00000|100%| E|CS|TS  0|AC  0|TAMS 0x00000000eba00000, 0x00000000eba00000|
| 187|0x00000000ebb00000, 0x00000000ebc00000, 0x00000000ebc00000|100%| E|CS|TS  0|AC  0|TAMS 0x00000000ebb00000, 0x00000000ebb00000|
| 188|0x00000000ebc00000, 0x00000000ebd00000, 0x00000000ebd00000|100%| E|CS|TS  0|AC  0|TAMS 0x00000000ebc00000, 0x00000000ebc00000|
| 189|0x00000000ebd00000, 0x00000000ebe00000, 0x00000000ebe00000|100%| E|CS|TS  0|AC  0|TAMS 0x00000000ebd00000, 0x00000000ebd00000|
| 190|0x00000000ebe00000, 0x00000000ebf00000, 0x00000000ebf00000|100%| E|CS|TS  0|AC  0|TAMS 0x00000000ebe00000, 0x00000000ebe00000|
| 191|0x00000000ebf00000, 0x00000000ec000000, 0x00000000ec000000|100%| E|CS|TS  0|AC  0|TAMS 0x00000000ebf00000, 0x00000000ebf00000|
| 192|0x00000000ec000000, 0x00000000ec100000, 0x00000000ec100000|100%| E|CS|TS  0|AC  0|TAMS 0x00000000ec000000, 0x00000000ec000000|
| 193|0x00000000ec100000, 0x00000000ec200000, 0x00000000ec200000|100%| E|CS|TS  0|AC  0|TAMS 0x00000000ec100000, 0x00000000ec100000|
| 194|0x00000000ec200000, 0x00000000ec300000, 0x00000000ec300000|100%| E|CS|TS  0|AC  0|TAMS 0x00000000ec200000, 0x00000000ec200000|
| 195|0x00000000ec300000, 0x00000000ec400000, 0x00000000ec400000|100%| E|CS|TS  0|AC  0|TAMS 0x00000000ec300000, 0x00000000ec300000|
| 196|0x00000000ec400000, 0x00000000ec500000, 0x00000000ec500000|100%| E|CS|TS  0|AC  0|TAMS 0x00000000ec400000, 0x00000000ec400000|
| 197|0x00000000ec500000, 0x00000000ec600000, 0x00000000ec600000|100%| E|CS|TS  0|AC  0|TAMS 0x00000000ec500000, 0x00000000ec500000|
| 198|0x00000000ec600000, 0x00000000ec700000, 0x00000000ec700000|100%| E|CS|TS  0|AC  0|TAMS 0x00000000ec600000, 0x00000000ec600000|
| 199|0x00000000ec700000, 0x00000000ec800000, 0x00000000ec800000|100%| E|CS|TS  0|AC  0|TAMS 0x00000000ec700000, 0x00000000ec700000|
| 200|0x00000000ec800000, 0x00000000ec900000, 0x00000000ec900000|100%| E|CS|TS  0|AC  0|TAMS 0x00000000ec800000, 0x00000000ec800000|
| 201|0x00000000ec900000, 0x00000000eca00000, 0x00000000eca00000|100%| E|CS|TS  0|AC  0|TAMS 0x00000000ec900000, 0x00000000ec900000|
| 202|0x00000000eca00000, 0x00000000ecb00000, 0x00000000ecb00000|100%| E|CS|TS  0|AC  0|TAMS 0x00000000eca00000, 0x00000000eca00000|
| 203|0x00000000ecb00000, 0x00000000ecc00000, 0x00000000ecc00000|100%| E|CS|TS  0|AC  0|TAMS 0x00000000ecb00000, 0x00000000ecb00000|
| 204|0x00000000ecc00000, 0x00000000ecd00000, 0x00000000ecd00000|100%| E|CS|TS  0|AC  0|TAMS 0x00000000ecc00000, 0x00000000ecc00000|
| 205|0x00000000ecd00000, 0x00000000ece00000, 0x00000000ece00000|100%| E|CS|TS  0|AC  0|TAMS 0x00000000ecd00000, 0x00000000ecd00000|
| 206|0x00000000ece00000, 0x00000000ecf00000, 0x00000000ecf00000|100%| E|CS|TS  0|AC  0|TAMS 0x00000000ece00000, 0x00000000ece00000|
| 207|0x00000000ecf00000, 0x00000000ed000000, 0x00000000ed000000|100%| E|CS|TS  0|AC  0|TAMS 0x00000000ecf00000, 0x00000000ecf00000|
| 208|0x00000000ed000000, 0x00000000ed100000, 0x00000000ed100000|100%| E|CS|TS  0|AC  0|TAMS 0x00000000ed000000, 0x00000000ed000000|
| 209|0x00000000ed100000, 0x00000000ed200000, 0x00000000ed200000|100%| E|CS|TS  0|AC  0|TAMS 0x00000000ed100000, 0x00000000ed100000|
| 210|0x00000000ed200000, 0x00000000ed300000, 0x00000000ed300000|100%| E|CS|TS  0|AC  0|TAMS 0x00000000ed200000, 0x00000000ed200000|
| 211|0x00000000ed300000, 0x00000000ed400000, 0x00000000ed400000|100%| E|CS|TS  0|AC  0|TAMS 0x00000000ed300000, 0x00000000ed300000|
| 212|0x00000000ed400000, 0x00000000ed500000, 0x00000000ed500000|100%| E|CS|TS  0|AC  0|TAMS 0x00000000ed400000, 0x00000000ed400000|
| 213|0x00000000ed500000, 0x00000000ed600000, 0x00000000ed600000|100%| E|CS|TS  0|AC  0|TAMS 0x00000000ed500000, 0x00000000ed500000|
| 214|0x00000000ed600000, 0x00000000ed700000, 0x00000000ed700000|100%| E|CS|TS  0|AC  0|TAMS 0x00000000ed600000, 0x00000000ed600000|
| 215|0x00000000ed700000, 0x00000000ed800000, 0x00000000ed800000|100%| E|CS|TS  0|AC  0|TAMS 0x00000000ed700000, 0x00000000ed700000|
| 216|0x00000000ed800000, 0x00000000ed900000, 0x00000000ed900000|100%| E|CS|TS  0|AC  0|TAMS 0x00000000ed800000, 0x00000000ed800000|
| 217|0x00000000ed900000, 0x00000000eda00000, 0x00000000eda00000|100%| E|CS|TS  0|AC  0|TAMS 0x00000000ed900000, 0x00000000ed900000|
| 218|0x00000000eda00000, 0x00000000edb00000, 0x00000000edb00000|100%| E|CS|TS  0|AC  0|TAMS 0x00000000eda00000, 0x00000000eda00000|
| 219|0x00000000edb00000, 0x00000000edc00000, 0x00000000edc00000|100%| E|CS|TS  0|AC  0|TAMS 0x00000000edb00000, 0x00000000edb00000|
| 220|0x00000000edc00000, 0x00000000edd00000, 0x00000000edd00000|100%| E|CS|TS  0|AC  0|TAMS 0x00000000edc00000, 0x00000000edc00000|
| 221|0x00000000edd00000, 0x00000000ede00000, 0x00000000ede00000|100%| E|CS|TS  0|AC  0|TAMS 0x00000000edd00000, 0x00000000edd00000|
| 222|0x00000000ede00000, 0x00000000edf00000, 0x00000000edf00000|100%| E|CS|TS  0|AC  0|TAMS 0x00000000ede00000, 0x00000000ede00000|
| 223|0x00000000edf00000, 0x00000000ee000000, 0x00000000ee000000|100%| E|CS|TS  0|AC  0|TAMS 0x00000000edf00000, 0x00000000edf00000|
| 224|0x00000000ee000000, 0x00000000ee100000, 0x00000000ee100000|100%| E|CS|TS  0|AC  0|TAMS 0x00000000ee000000, 0x00000000ee000000|
| 225|0x00000000ee100000, 0x00000000ee200000, 0x00000000ee200000|100%| E|CS|TS  0|AC  0|TAMS 0x00000000ee100000, 0x00000000ee100000|
| 226|0x00000000ee200000, 0x00000000ee300000, 0x00000000ee300000|100%| E|CS|TS  0|AC  0|TAMS 0x00000000ee200000, 0x00000000ee200000|
| 227|0x00000000ee300000, 0x00000000ee400000, 0x00000000ee400000|100%| E|CS|TS  0|AC  0|TAMS 0x00000000ee300000, 0x00000000ee300000|
| 228|0x00000000ee400000, 0x00000000ee500000, 0x00000000ee500000|100%| E|CS|TS  0|AC  0|TAMS 0x00000000ee400000, 0x00000000ee400000|
| 229|0x00000000ee500000, 0x00000000ee600000, 0x00000000ee600000|100%| E|CS|TS  0|AC  0|TAMS 0x00000000ee500000, 0x00000000ee500000|
| 230|0x00000000ee600000, 0x00000000ee700000, 0x00000000ee700000|100%| E|CS|TS  0|AC  0|TAMS 0x00000000ee600000, 0x00000000ee600000|
| 231|0x00000000ee700000, 0x00000000ee800000, 0x00000000ee800000|100%| E|CS|TS  0|AC  0|TAMS 0x00000000ee700000, 0x00000000ee700000|
| 232|0x00000000ee800000, 0x00000000ee900000, 0x00000000ee900000|100%| E|CS|TS  0|AC  0|TAMS 0x00000000ee800000, 0x00000000ee800000|
| 233|0x00000000ee900000, 0x00000000eea00000, 0x00000000eea00000|100%| E|CS|TS  0|AC  0|TAMS 0x00000000ee900000, 0x00000000ee900000|
| 234|0x00000000eea00000, 0x00000000eeb00000, 0x00000000eeb00000|100%| E|CS|TS  0|AC  0|TAMS 0x00000000eea00000, 0x00000000eea00000|
| 235|0x00000000eeb00000, 0x00000000eec00000, 0x00000000eec00000|100%| E|CS|TS  0|AC  0|TAMS 0x00000000eeb00000, 0x00000000eeb00000|
| 236|0x00000000eec00000, 0x00000000eed00000, 0x00000000eed00000|100%| E|CS|TS  0|AC  0|TAMS 0x00000000eec00000, 0x00000000eec00000|
| 237|0x00000000eed00000, 0x00000000eee00000, 0x00000000eee00000|100%| E|CS|TS  0|AC  0|TAMS 0x00000000eed00000, 0x00000000eed00000|
| 238|0x00000000eee00000, 0x00000000eef00000, 0x00000000eef00000|100%| E|CS|TS  0|AC  0|TAMS 0x00000000eee00000, 0x00000000eee00000|
| 239|0x00000000eef00000, 0x00000000ef000000, 0x00000000ef000000|100%| E|CS|TS  0|AC  0|TAMS 0x00000000eef00000, 0x00000000eef00000|
| 240|0x00000000ef000000, 0x00000000ef100000, 0x00000000ef100000|100%| E|CS|TS  0|AC  0|TAMS 0x00000000ef000000, 0x00000000ef000000|
| 241|0x00000000ef100000, 0x00000000ef200000, 0x00000000ef200000|100%| E|CS|TS  0|AC  0|TAMS 0x00000000ef100000, 0x00000000ef100000|
| 242|0x00000000ef200000, 0x00000000ef300000, 0x00000000ef300000|100%| E|CS|TS  0|AC  0|TAMS 0x00000000ef200000, 0x00000000ef200000|
| 243|0x00000000ef300000, 0x00000000ef400000, 0x00000000ef400000|100%| E|CS|TS  0|AC  0|TAMS 0x00000000ef300000, 0x00000000ef300000|
| 244|0x00000000ef400000, 0x00000000ef500000, 0x00000000ef500000|100%| E|CS|TS  0|AC  0|TAMS 0x00000000ef400000, 0x00000000ef400000|
| 245|0x00000000ef500000, 0x00000000ef600000, 0x00000000ef600000|100%| E|CS|TS  0|AC  0|TAMS 0x00000000ef500000, 0x00000000ef500000|
| 246|0x00000000ef600000, 0x00000000ef700000, 0x00000000ef700000|100%| E|CS|TS  0|AC  0|TAMS 0x00000000ef600000, 0x00000000ef600000|
| 247|0x00000000ef700000, 0x00000000ef800000, 0x00000000ef800000|100%| E|CS|TS  0|AC  0|TAMS 0x00000000ef700000, 0x00000000ef700000|
| 248|0x00000000ef800000, 0x00000000ef900000, 0x00000000ef900000|100%| E|CS|TS  0|AC  0|TAMS 0x00000000ef800000, 0x00000000ef800000|
| 249|0x00000000ef900000, 0x00000000efa00000, 0x00000000efa00000|100%| E|CS|TS  0|AC  0|TAMS 0x00000000ef900000, 0x00000000ef900000|
| 250|0x00000000efa00000, 0x00000000efb00000, 0x00000000efb00000|100%| E|CS|TS  0|AC  0|TAMS 0x00000000efa00000, 0x00000000efa00000|
| 251|0x00000000efb00000, 0x00000000efc00000, 0x00000000efc00000|100%| E|CS|TS  0|AC  0|TAMS 0x00000000efb00000, 0x00000000efb00000|
| 252|0x00000000efc00000, 0x00000000efd00000, 0x00000000efd00000|100%| E|CS|TS  0|AC  0|TAMS 0x00000000efc00000, 0x00000000efc00000|
| 253|0x00000000efd00000, 0x00000000efe00000, 0x00000000efe00000|100%| E|CS|TS  0|AC  0|TAMS 0x00000000efd00000, 0x00000000efd00000|
| 254|0x00000000efe00000, 0x00000000eff00000, 0x00000000eff00000|100%| E|CS|TS  0|AC  0|TAMS 0x00000000efe00000, 0x00000000efe00000|
| 255|0x00000000eff00000, 0x00000000f0000000, 0x00000000f0000000|100%| E|CS|TS  0|AC  0|TAMS 0x00000000eff00000, 0x00000000eff00000|

Card table byte_map: [0x0000028161fb0000,0x00000281620b0000] byte_map_base: 0x00000281618b0000

Marking Bits (Prev, Next): (CMBitMap*) 0x0000028147848138, (CMBitMap*) 0x0000028147848100
 Prev Bits: [0x00000281629b0000, 0x00000281631b0000)
 Next Bits: [0x00000281621b0000, 0x00000281629b0000)

Polling page: 0x0000028145540000

CodeHeap 'non-profiled nmethods': size=120000Kb used=3821Kb max_used=3821Kb free=116178Kb
 bounds [0x000002815a650000, 0x000002815aa10000, 0x0000028161b80000]
CodeHeap 'profiled nmethods': size=120000Kb used=10619Kb max_used=10619Kb free=109381Kb
 bounds [0x0000028153120000, 0x0000028153b90000, 0x000002815a650000]
CodeHeap 'non-nmethods': size=5760Kb used=2236Kb max_used=2295Kb free=3523Kb
 bounds [0x0000028152b80000, 0x0000028152df0000, 0x0000028153120000]
 total_blobs=7431 nmethods=4988 adapters=722
 compilation: enabled

Compilation events (10 events):
Event: 22.130 Thread 0x0000028166489800 5205       2       org.codehaus.groovy.reflection.ClassInfo::getClassInfo (13 bytes)
Event: 22.130 Thread 0x0000028166489800 nmethod 5205 0x0000028153b6c390 code [0x0000028153b6c580, 0x0000028153b6c860]
Event: 22.163 Thread 0x0000028166485000 nmethod 5192 0x000002815a9fa990 code [0x000002815a9fabe0, 0x000002815a9fc7c0]
Event: 22.163 Thread 0x0000028166485000 5206       4       java.nio.charset.Charset::isSupported (13 bytes)
Event: 22.165 Thread 0x0000028166485000 nmethod 5206 0x000002815a9fcf10 code [0x000002815a9fd0c0, 0x000002815a9fd388]
Event: 22.165 Thread 0x0000028166485000 5195       4       groovy.lang.MetaMethod::getMopName (105 bytes)
Event: 22.222 Thread 0x0000028166489800 5207       3       java.util.stream.Sink::end (1 bytes)
Event: 22.222 Thread 0x0000028166489800 nmethod 5207 0x0000028153b6cb10 code [0x0000028153b6ccc0, 0x0000028153b6ce18]
Event: 22.232 Thread 0x0000028166488000 nmethod 5193 0x000002815a9fd590 code [0x000002815a9fdae0, 0x000002815aa02870]
Event: 22.247 Thread 0x0000028166485000 nmethod 5195 0x000002815aa04b10 code [0x000002815aa04e80, 0x000002815aa086c8]

GC Heap History (10 events):
Event: 0.579 GC heap before
{Heap before GC invocations=0 (full 0):
 garbage-first heap   total 262144K, used 30720K [0x00000000e0000000, 0x0000000100000000)
  region size 1024K, 24 young (24576K), 0 survivors (0K)
 Metaspace       used 10127K, capacity 10362K, committed 10624K, reserved 264192K
  class space    used 1019K, capacity 1118K, committed 1152K, reserved 253952K
}
Event: 0.582 GC heap after
{Heap after GC invocations=1 (full 0):
 garbage-first heap   total 262144K, used 8639K [0x00000000e0000000, 0x0000000100000000)
  region size 1024K, 3 young (3072K), 3 survivors (3072K)
 Metaspace       used 10127K, capacity 10362K, committed 10624K, reserved 264192K
  class space    used 1019K, capacity 1118K, committed 1152K, reserved 253952K
}
Event: 3.008 GC heap before
{Heap before GC invocations=1 (full 0):
 garbage-first heap   total 262144K, used 95679K [0x00000000e0000000, 0x0000000100000000)
  region size 1024K, 88 young (90112K), 3 survivors (3072K)
 Metaspace       used 20749K, capacity 21144K, committed 21296K, reserved 274432K
  class space    used 2416K, capacity 2570K, committed 2608K, reserved 253952K
}
Event: 3.101 GC heap after
{Heap after GC invocations=2 (full 0):
 garbage-first heap   total 262144K, used 15807K [0x00000000e0000000, 0x0000000100000000)
  region size 1024K, 10 young (10240K), 10 survivors (10240K)
 Metaspace       used 20749K, capacity 21144K, committed 21296K, reserved 274432K
  class space    used 2416K, capacity 2570K, committed 2608K, reserved 253952K
}
Event: 4.327 GC heap before
{Heap before GC invocations=3 (full 0):
 garbage-first heap   total 262144K, used 81343K [0x00000000e0000000, 0x0000000100000000)
  region size 1024K, 74 young (75776K), 10 survivors (10240K)
 Metaspace       used 29190K, capacity 29739K, committed 30076K, reserved 280576K
  class space    used 3659K, capacity 3848K, committed 3964K, reserved 253952K
}
Event: 4.335 GC heap after
{Heap after GC invocations=4 (full 0):
 garbage-first heap   total 262144K, used 19095K [0x00000000e0000000, 0x0000000100000000)
  region size 1024K, 4 young (4096K), 4 survivors (4096K)
 Metaspace       used 29190K, capacity 29739K, committed 30076K, reserved 280576K
  class space    used 3659K, capacity 3848K, committed 3964K, reserved 253952K
}
Event: 11.602 GC heap before
{Heap before GC invocations=5 (full 0):
 garbage-first heap   total 262144K, used 105111K [0x00000000e0000000, 0x0000000100000000)
  region size 1024K, 85 young (87040K), 4 survivors (4096K)
 Metaspace       used 39352K, capacity 40155K, committed 40572K, reserved 290816K
  class space    used 4842K, capacity 5167K, committed 5244K, reserved 253952K
}
Event: 11.610 GC heap after
{Heap after GC invocations=6 (full 0):
 garbage-first heap   total 262144K, used 24966K [0x00000000e0000000, 0x0000000100000000)
  region size 1024K, 10 young (10240K), 10 survivors (10240K)
 Metaspace       used 39352K, capacity 40155K, committed 40572K, reserved 290816K
  class space    used 4842K, capacity 5167K, committed 5244K, reserved 253952K
}
Event: 18.214 GC heap before
{Heap before GC invocations=6 (full 0):
 garbage-first heap   total 262144K, used 117126K [0x00000000e0000000, 0x0000000100000000)
  region size 1024K, 98 young (100352K), 10 survivors (10240K)
 Metaspace       used 49490K, capacity 50644K, committed 50980K, reserved 299008K
  class space    used 6035K, capacity 6500K, committed 6524K, reserved 253952K
}
Event: 18.228 GC heap after
{Heap after GC invocations=7 (full 0):
 garbage-first heap   total 262144K, used 34884K [0x00000000e0000000, 0x0000000100000000)
  region size 1024K, 14 young (14336K), 14 survivors (14336K)
 Metaspace       used 49490K, capacity 50644K, committed 50980K, reserved 299008K
  class space    used 6035K, capacity 6500K, committed 6524K, reserved 253952K
}

Deoptimization events (10 events):
Event: 21.492 Thread 0x0000028166fb9800 Uncommon trap: reason=unstable_if action=reinterpret pc=0x000002815a81df30 method=groovy.lang.MetaClassImpl$1MOPIter.methodNameAction(Ljava/lang/Class;Lorg/codehaus/groovy/runtime/metaclass/MetaMethodIndex$Entry;)V @ 182 c2
Event: 21.507 Thread 0x0000028166fb9800 Uncommon trap: reason=bimorphic_or_optimized_type_check action=maybe_recompile pc=0x000002815a790888 method=java.util.AbstractCollection.addAll(Ljava/util/Collection;)Z @ 29 c2
Event: 21.813 Thread 0x0000028166fb9800 Uncommon trap: reason=unstable_if action=reinterpret pc=0x000002815a803e0c method=org.codehaus.groovy.runtime.metaclass.MetaMethodIndex.addMethodToList(Ljava/lang/Object;Lgroovy/lang/MetaMethod;)Ljava/lang/Object; @ 256 c2
Event: 21.950 Thread 0x0000028166fb9800 Uncommon trap: reason=unstable_if action=reinterpret pc=0x000002815a926500 method=java.util.HashMap.getNode(ILjava/lang/Object;)Ljava/util/HashMap$Node; @ 84 c2
Event: 21.951 Thread 0x0000028166fb9800 Uncommon trap: reason=unstable_if action=reinterpret pc=0x000002815a856350 method=java.util.HashMap.putVal(ILjava/lang/Object;Ljava/lang/Object;ZZ)Ljava/lang/Object; @ 109 c2
Event: 21.951 Thread 0x0000028166fb9800 Uncommon trap: reason=unstable_if action=reinterpret pc=0x000002815a876468 method=java.util.HashMap.getNode(ILjava/lang/Object;)Ljava/util/HashMap$Node; @ 84 c2
Event: 21.951 Thread 0x0000028166fb9800 Uncommon trap: reason=unstable_if action=reinterpret pc=0x000002815a854350 method=java.util.HashMap.putVal(ILjava/lang/Object;Ljava/lang/Object;ZZ)Ljava/lang/Object; @ 109 c2
Event: 21.951 Thread 0x0000028166fb9800 Uncommon trap: reason=unstable_if action=reinterpret pc=0x000002815a6bb040 method=java.util.HashMap.resize()[Ljava/util/HashMap$Node; @ 203 c2
Event: 21.959 Thread 0x0000028166fb9800 Uncommon trap: reason=class_check action=make_not_entrant pc=0x000002815a9cd56c method=java.util.ArrayList.toArray([Ljava/lang/Object;)[Ljava/lang/Object; @ 21 c2
Event: 22.122 Thread 0x0000028166fb9800 Uncommon trap: reason=class_check action=maybe_recompile pc=0x000002815a7953fc method=java.util.WeakHashMap.eq(Ljava/lang/Object;Ljava/lang/Object;)Z @ 7 c2

Classes redefined (0 events):
No events

Internal exceptions (10 events):
Event: 22.110 Thread 0x0000028166fb9800 Exception <a 'java/lang/ClassNotFoundException'{0x00000000ea8a19c0}: org/gradle/api/internal/ConventionTaskCustomizer> (0x00000000ea8a19c0) thrown at [t:/workspace/open/src/hotspot/share/classfile/systemDictionary.cpp, line 233]
Event: 22.111 Thread 0x0000028166fb9800 Exception <a 'java/lang/ClassNotFoundException'{0x00000000ea8d1ce0}: org/gradle/api/tasks/AbstractCopyTaskCustomizer> (0x00000000ea8d1ce0) thrown at [t:/workspace/open/src/hotspot/share/classfile/systemDictionary.cpp, line 233]
Event: 22.113 Thread 0x0000028166fb9800 Exception <a 'java/lang/ClassNotFoundException'{0x00000000ea755908}: org/gradle/api/tasks/CopyCustomizer> (0x00000000ea755908) thrown at [t:/workspace/open/src/hotspot/share/classfile/systemDictionary.cpp, line 233]
Event: 22.114 Thread 0x0000028166fb9800 Exception <a 'java/lang/ClassNotFoundException'{0x00000000ea78bfc8}: org/gradle/api/tasks/Copy_DecoratedCustomizer> (0x00000000ea78bfc8) thrown at [t:/workspace/open/src/hotspot/share/classfile/systemDictionary.cpp, line 233]
Event: 22.121 Thread 0x0000028166fb9800 Exception <a 'java/lang/ClassNotFoundException'{0x00000000ea4505b0}: org/gradle/api/internal/artifacts/configurations/DefaultConfigurationContainer_DecoratedBeanInfo> (0x00000000ea4505b0) thrown at [t:/workspace/open/src/hotspot/share/classfile/systemDict
Event: 22.121 Thread 0x0000028166fb9800 Exception <a 'java/lang/ClassNotFoundException'{0x00000000ea4879e8}: org/gradle/api/internal/artifacts/configurations/DefaultConfigurationContainerBeanInfo> (0x00000000ea4879e8) thrown at [t:/workspace/open/src/hotspot/share/classfile/systemDictionary.cpp
Event: 22.122 Thread 0x0000028166fb9800 Exception <a 'java/lang/ClassNotFoundException'{0x00000000ea4b0740}: org/gradle/api/internal/AbstractValidatingNamedDomainObjectContainerBeanInfo> (0x00000000ea4b0740) thrown at [t:/workspace/open/src/hotspot/share/classfile/systemDictionary.cpp, line 233
Event: 22.122 Thread 0x0000028166fb9800 Exception <a 'java/lang/ClassNotFoundException'{0x00000000ea4d94f0}: org/gradle/api/internal/AbstractValidatingNamedDomainObjectContainerCustomizer> (0x00000000ea4d94f0) thrown at [t:/workspace/open/src/hotspot/share/classfile/systemDictionary.cpp, line 2
Event: 22.123 Thread 0x0000028166fb9800 Exception <a 'java/lang/ClassNotFoundException'{0x00000000ea31bb60}: org/gradle/api/internal/artifacts/configurations/DefaultConfigurationContainerCustomizer> (0x00000000ea31bb60) thrown at [t:/workspace/open/src/hotspot/share/classfile/systemDictionary.c
Event: 22.124 Thread 0x0000028166fb9800 Exception <a 'java/lang/ClassNotFoundException'{0x00000000ea36a118}: org/gradle/api/internal/artifacts/configurations/DefaultConfigurationContainer_DecoratedCustomizer> (0x00000000ea36a118) thrown at [t:/workspace/open/src/hotspot/share/classfile/systemDi

Events (10 events):
Event: 22.124 loading class org/gradle/api/internal/artifacts/configurations/DefaultConfigurationContainer_DecoratedCustomizer
Event: 22.124 loading class org/gradle/api/internal/artifacts/configurations/DefaultConfigurationContainer_DecoratedCustomizer done
Event: 22.126 loading class org/gradle/internal/extensibility/ConventionAwareHelper$MappedPropertyImpl
Event: 22.126 loading class org/gradle/internal/extensibility/ConventionAwareHelper$MappedPropertyImpl done
Event: 22.126 loading class org/gradle/api/internal/ConventionMapping$MappedProperty
Event: 22.126 loading class org/gradle/api/internal/ConventionMapping$MappedProperty done
Event: 22.126 loading class org/gradle/internal/extensibility/ConventionAwareHelper$2
Event: 22.126 loading class org/gradle/internal/extensibility/ConventionAwareHelper$2 done
Event: 22.126 loading class org/gradle/internal/extensibility/ConventionAwareHelper$1
Event: 22.126 loading class org/gradle/internal/extensibility/ConventionAwareHelper$1 done


Dynamic libraries:
0x00007ff7fbc40000 - 0x00007ff7fbc7e000 	C:\Program Files\Java\jdk-10.0.1\bin\java.exe
0x00007ffe3c5e0000 - 0x00007ffe3c7d0000 	C:\WINDOWS\SYSTEM32\ntdll.dll
0x00007ffe3a9c0000 - 0x00007ffe3aa72000 	C:\WINDOWS\System32\KERNEL32.DLL
0x00007ffe3a140000 - 0x00007ffe3a3e4000 	C:\WINDOWS\System32\KERNELBASE.dll
0x00007ffe3b860000 - 0x00007ffe3b903000 	C:\WINDOWS\System32\ADVAPI32.dll
0x00007ffe3b6b0000 - 0x00007ffe3b74e000 	C:\WINDOWS\System32\msvcrt.dll
0x00007ffe3ae20000 - 0x00007ffe3aeb7000 	C:\WINDOWS\System32\sechost.dll
0x00007ffe3a8a0000 - 0x00007ffe3a9c0000 	C:\WINDOWS\System32\RPCRT4.dll
0x00007ffe3abe0000 - 0x00007ffe3ad74000 	C:\WINDOWS\System32\USER32.dll
0x00007ffe39670000 - 0x00007ffe39691000 	C:\WINDOWS\System32\win32u.dll
0x00007ffe3adf0000 - 0x00007ffe3ae16000 	C:\WINDOWS\System32\GDI32.dll
0x00007ffe397d0000 - 0x00007ffe39965000 	C:\WINDOWS\System32\gdi32full.dll
0x00007ffe3a5f0000 - 0x00007ffe3a68e000 	C:\WINDOWS\System32\msvcp_win.dll
0x00007ffe396a0000 - 0x00007ffe3979a000 	C:\WINDOWS\System32\ucrtbase.dll
0x00007ffe236a0000 - 0x00007ffe23924000 	C:\WINDOWS\WinSxS\amd64_microsoft.windows.common-controls_6595b64144ccf1df_6.0.18362.900_none_e6beb9d913147d17\COMCTL32.dll
0x00007ffe318c0000 - 0x00007ffe318ca000 	C:\WINDOWS\SYSTEM32\VERSION.dll
0x00007ffe3aec0000 - 0x00007ffe3b1f5000 	C:\WINDOWS\System32\combase.dll
0x00007ffe395f0000 - 0x00007ffe39670000 	C:\WINDOWS\System32\bcryptPrimitives.dll
0x00007ffe3c570000 - 0x00007ffe3c59e000 	C:\WINDOWS\System32\IMM32.DLL
0x00007ffe13520000 - 0x00007ffe1360f000 	C:\Program Files\Java\jdk-10.0.1\bin\msvcr120.dll
0x00007ffe102b0000 - 0x00007ffe10356000 	C:\Program Files\Java\jdk-10.0.1\bin\msvcp120.dll
0x00000000513e0000 - 0x0000000051e50000 	C:\Program Files\Java\jdk-10.0.1\bin\server\jvm.dll
0x00007ffe3b3c0000 - 0x00007ffe3b3c8000 	C:\WINDOWS\System32\PSAPI.DLL
0x00007ffe24b60000 - 0x00007ffe24b69000 	C:\WINDOWS\SYSTEM32\WSOCK32.dll
0x00007ffe37160000 - 0x00007ffe37184000 	C:\WINDOWS\SYSTEM32\WINMM.dll
0x00007ffe3b3e0000 - 0x00007ffe3b44f000 	C:\WINDOWS\System32\WS2_32.dll
0x00007ffe37130000 - 0x00007ffe3715d000 	C:\WINDOWS\SYSTEM32\winmmbase.dll
0x00007ffe3a0f0000 - 0x00007ffe3a13a000 	C:\WINDOWS\System32\cfgmgr32.dll
0x00007ffe344e0000 - 0x00007ffe344ef000 	C:\Program Files\Java\jdk-10.0.1\bin\verify.dll
0x00007ffe38060000 - 0x00007ffe38254000 	C:\WINDOWS\SYSTEM32\DBGHELP.DLL
0x00007ffe22600000 - 0x00007ffe2262a000 	C:\WINDOWS\SYSTEM32\dbgcore.DLL
0x00007ffe25770000 - 0x00007ffe25797000 	C:\Program Files\Java\jdk-10.0.1\bin\java.dll
0x00007ffe34340000 - 0x00007ffe34356000 	C:\Program Files\Java\jdk-10.0.1\bin\zip.dll
0x00007ffe33860000 - 0x00007ffe3386a000 	C:\Program Files\Java\jdk-10.0.1\bin\jimage.dll
0x00007ffe3b920000 - 0x00007ffe3c006000 	C:\WINDOWS\System32\SHELL32.dll
0x00007ffe3b600000 - 0x00007ffe3b6a9000 	C:\WINDOWS\System32\shcore.dll
0x00007ffe39970000 - 0x00007ffe3a0f0000 	C:\WINDOWS\System32\windows.storage.dll
0x00007ffe39540000 - 0x00007ffe39563000 	C:\WINDOWS\System32\profapi.dll
0x00007ffe394d0000 - 0x00007ffe3951a000 	C:\WINDOWS\System32\powrprof.dll
0x00007ffe394a0000 - 0x00007ffe394b0000 	C:\WINDOWS\System32\UMPDC.dll
0x00007ffe3b5a0000 - 0x00007ffe3b5f2000 	C:\WINDOWS\System32\shlwapi.dll
0x00007ffe394b0000 - 0x00007ffe394c1000 	C:\WINDOWS\System32\kernel.appcore.dll
0x00007ffe39570000 - 0x00007ffe39587000 	C:\WINDOWS\System32\cryptsp.dll
0x00007ffe2a8b0000 - 0x00007ffe2a8ca000 	C:\Program Files\Java\jdk-10.0.1\bin\net.dll
0x00007ffe29420000 - 0x00007ffe29510000 	C:\WINDOWS\SYSTEM32\WINHTTP.dll
0x00007ffe38cb0000 - 0x00007ffe38d17000 	C:\WINDOWS\system32\mswsock.dll
0x00007ffe25680000 - 0x00007ffe25691000 	C:\Program Files\Java\jdk-10.0.1\bin\nio.dll
0x00007ffe20780000 - 0x00007ffe207aa000 	C:\Users\Asus\.gradle\native\36\windows-amd64\native-platform.dll
0x00007ffe2d470000 - 0x00007ffe2d479000 	C:\Program Files\Java\jdk-10.0.1\bin\management.dll
0x00007ffe2cf60000 - 0x00007ffe2cf6a000 	C:\Program Files\Java\jdk-10.0.1\bin\management_ext.dll
0x00007ffe38820000 - 0x00007ffe38853000 	C:\WINDOWS\system32\rsaenh.dll
0x00007ffe397a0000 - 0x00007ffe397c6000 	C:\WINDOWS\System32\bcrypt.dll
0x00007ffe393c0000 - 0x00007ffe393e5000 	C:\WINDOWS\SYSTEM32\USERENV.dll
0x00007ffe38ee0000 - 0x00007ffe38eec000 	C:\WINDOWS\SYSTEM32\CRYPTBASE.dll
0x00007ffe389c0000 - 0x00007ffe389fa000 	C:\WINDOWS\SYSTEM32\IPHLPAPI.DLL
0x00007ffe3b910000 - 0x00007ffe3b918000 	C:\WINDOWS\System32\NSI.dll
0x00007ffe301f0000 - 0x00007ffe30206000 	C:\WINDOWS\SYSTEM32\dhcpcsvc6.DLL
0x00007ffe30d80000 - 0x00007ffe30d9c000 	C:\WINDOWS\SYSTEM32\dhcpcsvc.DLL
0x00007ffe38a10000 - 0x00007ffe38adb000 	C:\WINDOWS\SYSTEM32\DNSAPI.dll

dbghelp: loaded successfully - version: 4.0.5 - missing functions: none
symbol engine: initialized successfully - sym options: 0x614 - pdb path: .;C:\Program Files\Java\jdk-10.0.1\bin;C:\WINDOWS\SYSTEM32;C:\WINDOWS\WinSxS\amd64_microsoft.windows.common-controls_6595b64144ccf1df_6.0.18362.900_none_e6beb9d913147d17;C:\Program Files\Java\jdk-10.0.1\bin\server;C:\Users\Asus\.gradle\native\36\windows-amd64

VM Arguments:
jvm_args: --add-opens=java.base/java.util=ALL-UNNAMED --add-opens=java.base/java.lang=ALL-UNNAMED --add-opens=java.base/java.lang.invoke=ALL-UNNAMED --add-opens=java.prefs/java.util.prefs=ALL-UNNAMED -XX:MaxMetaspaceSize=256m -XX:+HeapDumpOnOutOfMemoryError -Xms256m -Xmx512m -Dfile.encoding=windows-1252 -Duser.country=US -Duser.language=en -Duser.variant 
java_command: org.gradle.launcher.daemon.bootstrap.GradleDaemon 6.2
java_class_path (initial): C:\Users\Asus\.gradle\wrapper\dists\gradle-6.2-all\dvufqs6kielxeao781pmk5huj\gradle-6.2\lib\gradle-launcher-6.2.jar
Launcher Type: SUN_STANDARD

Logging:
Log output configuration:
#0: stdout all=warning uptime,level,tags
#1: stderr all=off uptime,level,tags

Environment Variables:
JAVA_HOME=C:\Program Files\Java\jdk-10.0.1
CLASSPATH=C:\Users\Asus\Documents\mobile\Chat\android\\gradle\wrapper\gradle-wrapper.jar
PATH=C:\Users\Asus\Documents\mobile\Chat\android\node_modules\.bin;C:\Users\Asus\Documents\mobile\Chat\node_modules\.bin;C:\Users\Asus\Documents\mobile\node_modules\.bin;C:\Users\Asus\Documents\node_modules\.bin;C:\Users\Asus\node_modules\.bin;C:\Users\node_modules\.bin;C:\node_modules\.bin;C:\Program Files\nodejs;C:\Users\Asus\Documents\mobile\Chat\node_modules\.bin;C:\Program Files (x86)\Common Files\Oracle\Java\javapath;C:\Program Files\Intel\iCLS Client\;C:\Windows\system32;C:\Windows;C:\Windows\System32\Wbem;C:\Windows\System32\WindowsPowerShell\v1.0\;C:\Program Files (x86)\NVIDIA Corporation\PhysX\Common;C:\Program Files (x86)\Intel\Intel(R) Management Engine Components\DAL;C:\Program Files\Intel\Intel(R) Management Engine Components\DAL;C:\Program Files (x86)\Intel\Intel(R) Management Engine Components\IPT;C:\Program Files\Intel\Intel(R) Management Engine Components\IPT;C:\Program Files (x86)\MySQL\MySQL Utilities 1.6\;C:\WINDOWS\system32;C:\WINDOWS;C:\WINDOWS\System32\Wbem;C:\WINDOWS\System32\WindowsPowerShell\v1.0\;C:\WINDOWS\System32\OpenSSH\;"C:\Program Files \Common Files\Oracle\Java\javapath;C:\Program Files\Java\jdk-10.0.1\bin";C:\Program Files\Git\cmd;C:\Program Files\Microsoft VS Code\bin;C:\Program Files (x86)\Dev-Cpp\MinGW64\bin;C:\TDM-GCC-64\bin;C:\Program Files\Java\jdk-10.0.1\bin;C:\Program Files\nodejs\;C:\Program Files (x86)\sbt\bin;C:\Program Files\scala-2.11.8\bin;C:\Program Files\Java\jdk1.8.0_201\bin;C:\Program Files\Java\jre1.8.0_201\bin;C:\Windows\System32\cmd.exe;C:\xampp\php;C:\ProgramData\ComposerSetup\bin;C:\OpenSSL\bin;C:\Android\tools\bin\platform-tools;C:\Users\Asus\AppData\Local\Android\Sdk\platform-tools;C:\Users\Asus\AppData\Local\Android\Sdk\platform-tools\adb.exe;C:\Users\Asus\AppData\Local\Programs\Python\Python38\Scripts\;C:\Users\Asus\AppData\Local\Programs\Python\Python38\;C:\Users\Asus\AppData\Local\Microsoft\WindowsApps;C:\Program Files\Microsoft VS Code\bin;C:\Users\Asus\AppData\Roaming\npm;C:\Users\Asus\AppData\Roaming\C
USERNAME=Asus
OS=Windows_NT
PROCESSOR_IDENTIFIER=Intel64 Family 6 Model 142 Stepping 10, GenuineIntel



---------------  S Y S T E M  ---------------

OS: Windows 10 , 64 bit Build 18362 (10.0.18362.900)

CPU:total 8 (initial active 8) (4 cores per cpu, 2 threads per core) family 6 model 142 stepping 10, cmov, cx8, fxsr, mmx, sse, sse2, sse3, ssse3, sse4.1, sse4.2, popcnt, avx, avx2, aes, clmul, erms, 3dnowpref, lzcnt, ht, tsc, tscinvbit, bmi1, bmi2, adx, fma

Memory: 4k page, physical 8272444k(423148k free), swap 21429816k(12052k free)

vm_info: Java HotSpot(TM) 64-Bit Server VM (10.0.1+10) for windows-amd64 JRE (10.0.1+10), built on Mar 27 2018 02:27:48 by "mach5one" with MS VC++ 12.0 (VS2013)

END.
